[2021-03-18 22:37:19] development.ERROR: Twig\Error\SyntaxError: Unexpected "}" in "C:\xampp\htdocs\personal-website-v3\blog/plugins/rainlab/blog/components/posts/default.htm" at line 40. in C:\xampp\htdocs\personal-website-v3\blog\vendor\twig\twig\src\Lexer.php:340
Stack trace:
#0 C:\xampp\htdocs\personal-website-v3\blog\vendor\twig\twig\src\Lexer.php(292): Twig\Lexer->lexExpression()
#1 C:\xampp\htdocs\personal-website-v3\blog\vendor\twig\twig\src\Lexer.php(186): Twig\Lexer->lexVar()
#2 C:\xampp\htdocs\personal-website-v3\blog\vendor\twig\twig\src\Environment.php(542): Twig\Lexer->tokenize(Object(Twig\Source))
#3 C:\xampp\htdocs\personal-website-v3\blog\vendor\twig\twig\src\Environment.php(595): Twig\Environment->tokenize(Object(Twig\Source))
#4 C:\xampp\htdocs\personal-website-v3\blog\vendor\twig\twig\src\Environment.php(408): Twig\Environment->compileSource(Object(Twig\Source))
#5 C:\xampp\htdocs\personal-website-v3\blog\vendor\twig\twig\src\Environment.php(381): Twig\Environment->loadClass('__TwigTemplate_...', 'C:\\xampp\\htdocs...', NULL)
#6 C:\xampp\htdocs\personal-website-v3\blog\modules\cms\classes\Controller.php(1087): Twig\Environment->loadTemplate('C:\\xampp\\htdocs...')
#7 C:\xampp\htdocs\personal-website-v3\blog\modules\cms\classes\Controller.php(1217): Cms\Classes\Controller->renderPartial('blogPosts::defa...', Array, false)
#8 C:\xampp\htdocs\personal-website-v3\blog\modules\cms\twig\Extension.php(124): Cms\Classes\Controller->renderComponent('blogPosts', Array)
#9 C:\xampp\htdocs\personal-website-v3\blog\storage\cms\twig\53\53c3e8530303df5aafbd55e30b8c08d946e3436ca9b73ea0253d237a57632dff.php(63): Cms\Twig\Extension->componentFunction('blogPosts', Array)
#10 C:\xampp\htdocs\personal-website-v3\blog\vendor\twig\twig\src\Template.php(407): __TwigTemplate_f1646b5cc2daa52ce7d3f1d5ce0e4a6e0abac9bc41b509d25f8ec91c9cf2add4->doDisplay(Array, Array)
#11 C:\xampp\htdocs\personal-website-v3\blog\vendor\twig\twig\src\Template.php(380): Twig\Template->displayWithErrorHandling(Array, Array)
#12 C:\xampp\htdocs\personal-website-v3\blog\vendor\twig\twig\src\Template.php(392): Twig\Template->display(Array)
#13 C:\xampp\htdocs\personal-website-v3\blog\modules\cms\classes\Controller.php(425): Twig\Template->render(Array)
#14 C:\xampp\htdocs\personal-website-v3\blog\modules\cms\classes\Controller.php(225): Cms\Classes\Controller->runPage(Object(Cms\Classes\Page))
#15 C:\xampp\htdocs\personal-website-v3\blog\modules\cms\classes\CmsController.php(50): Cms\Classes\Controller->run('/')
#16 [internal function]: Cms\Classes\CmsController->run('/')
#17 C:\xampp\htdocs\personal-website-v3\blog\vendor\laravel\framework\src\Illuminate\Routing\Controller.php(54): call_user_func_array(Array, Array)
#18 C:\xampp\htdocs\personal-website-v3\blog\vendor\laravel\framework\src\Illuminate\Routing\ControllerDispatcher.php(45): Illuminate\Routing\Controller->callAction('run', Array)
#19 C:\xampp\htdocs\personal-website-v3\blog\vendor\laravel\framework\src\Illuminate\Routing\Route.php(212): Illuminate\Routing\ControllerDispatcher->dispatch(Object(Illuminate\Routing\Route), Object(Cms\Classes\CmsController), 'run')
#20 C:\xampp\htdocs\personal-website-v3\blog\vendor\laravel\framework\src\Illuminate\Routing\Route.php(169): Illuminate\Routing\Route->runController()
#21 C:\xampp\htdocs\personal-website-v3\blog\vendor\laravel\framework\src\Illuminate\Routing\Router.php(658): Illuminate\Routing\Route->run()
#22 C:\xampp\htdocs\personal-website-v3\blog\vendor\laravel\framework\src\Illuminate\Routing\Pipeline.php(30): Illuminate\Routing\Router->Illuminate\Routing\{closure}(Object(Illuminate\Http\Request))
#23 C:\xampp\htdocs\personal-website-v3\blog\vendor\laravel\framework\src\Illuminate\Routing\Middleware\SubstituteBindings.php(41): Illuminate\Routing\Pipeline->Illuminate\Routing\{closure}(Object(Illuminate\Http\Request))
#24 C:\xampp\htdocs\personal-website-v3\blog\vendor\laravel\framework\src\Illuminate\Pipeline\Pipeline.php(149): Illuminate\Routing\Middleware\SubstituteBindings->handle(Object(Illuminate\Http\Request), Object(Closure))
#25 C:\xampp\htdocs\personal-website-v3\blog\vendor\laravel\framework\src\Illuminate\Routing\Pipeline.php(53): Illuminate\Pipeline\Pipeline->Illuminate\Pipeline\{closure}(Object(Illuminate\Http\Request))
#26 C:\xampp\htdocs\personal-website-v3\blog\vendor\laravel\framework\src\Illuminate\View\Middleware\ShareErrorsFromSession.php(49): Illuminate\Routing\Pipeline->Illuminate\Routing\{closure}(Object(Illuminate\Http\Request))
#27 C:\xampp\htdocs\personal-website-v3\blog\vendor\laravel\framework\src\Illuminate\Pipeline\Pipeline.php(149): Illuminate\View\Middleware\ShareErrorsFromSession->handle(Object(Illuminate\Http\Request), Object(Closure))
#28 C:\xampp\htdocs\personal-website-v3\blog\vendor\laravel\framework\src\Illuminate\Routing\Pipeline.php(53): Illuminate\Pipeline\Pipeline->Illuminate\Pipeline\{closure}(Object(Illuminate\Http\Request))
#29 C:\xampp\htdocs\personal-website-v3\blog\vendor\laravel\framework\src\Illuminate\Session\Middleware\StartSession.php(63): Illuminate\Routing\Pipeline->Illuminate\Routing\{closure}(Object(Illuminate\Http\Request))
#30 C:\xampp\htdocs\personal-website-v3\blog\vendor\laravel\framework\src\Illuminate\Pipeline\Pipeline.php(149): Illuminate\Session\Middleware\StartSession->handle(Object(Illuminate\Http\Request), Object(Closure))
#31 C:\xampp\htdocs\personal-website-v3\blog\vendor\laravel\framework\src\Illuminate\Routing\Pipeline.php(53): Illuminate\Pipeline\Pipeline->Illuminate\Pipeline\{closure}(Object(Illuminate\Http\Request))
#32 C:\xampp\htdocs\personal-website-v3\blog\vendor\laravel\framework\src\Illuminate\Cookie\Middleware\AddQueuedCookiesToResponse.php(37): Illuminate\Routing\Pipeline->Illuminate\Routing\{closure}(Object(Illuminate\Http\Request))
#33 C:\xampp\htdocs\personal-website-v3\blog\vendor\laravel\framework\src\Illuminate\Pipeline\Pipeline.php(149): Illuminate\Cookie\Middleware\AddQueuedCookiesToResponse->handle(Object(Illuminate\Http\Request), Object(Closure))
#34 C:\xampp\htdocs\personal-website-v3\blog\vendor\laravel\framework\src\Illuminate\Routing\Pipeline.php(53): Illuminate\Pipeline\Pipeline->Illuminate\Pipeline\{closure}(Object(Illuminate\Http\Request))
#35 C:\xampp\htdocs\personal-website-v3\blog\vendor\laravel\framework\src\Illuminate\Cookie\Middleware\EncryptCookies.php(68): Illuminate\Routing\Pipeline->Illuminate\Routing\{closure}(Object(Illuminate\Http\Request))
#36 C:\xampp\htdocs\personal-website-v3\blog\vendor\laravel\framework\src\Illuminate\Pipeline\Pipeline.php(149): Illuminate\Cookie\Middleware\EncryptCookies->handle(Object(Illuminate\Http\Request), Object(Closure))
#37 C:\xampp\htdocs\personal-website-v3\blog\vendor\laravel\framework\src\Illuminate\Routing\Pipeline.php(53): Illuminate\Pipeline\Pipeline->Illuminate\Pipeline\{closure}(Object(Illuminate\Http\Request))
#38 C:\xampp\htdocs\personal-website-v3\blog\vendor\laravel\framework\src\Illuminate\Pipeline\Pipeline.php(102): Illuminate\Routing\Pipeline->Illuminate\Routing\{closure}(Object(Illuminate\Http\Request))
#39 C:\xampp\htdocs\personal-website-v3\blog\vendor\laravel\framework\src\Illuminate\Routing\Router.php(660): Illuminate\Pipeline\Pipeline->then(Object(Closure))
#40 C:\xampp\htdocs\personal-website-v3\blog\vendor\laravel\framework\src\Illuminate\Routing\Router.php(635): Illuminate\Routing\Router->runRouteWithinStack(Object(Illuminate\Routing\Route), Object(Illuminate\Http\Request))
#41 C:\xampp\htdocs\personal-website-v3\blog\vendor\laravel\framework\src\Illuminate\Routing\Router.php(601): Illuminate\Routing\Router->runRoute(Object(Illuminate\Http\Request), Object(Illuminate\Routing\Route))
#42 C:\xampp\htdocs\personal-website-v3\blog\vendor\october\rain\src\Router\CoreRouter.php(20): Illuminate\Routing\Router->dispatchToRoute(Object(Illuminate\Http\Request))
#43 C:\xampp\htdocs\personal-website-v3\blog\vendor\laravel\framework\src\Illuminate\Foundation\Http\Kernel.php(176): October\Rain\Router\CoreRouter->dispatch(Object(Illuminate\Http\Request))
#44 C:\xampp\htdocs\personal-website-v3\blog\vendor\laravel\framework\src\Illuminate\Routing\Pipeline.php(30): Illuminate\Foundation\Http\Kernel->Illuminate\Foundation\Http\{closure}(Object(Illuminate\Http\Request))
#45 C:\xampp\htdocs\personal-website-v3\blog\vendor\laravel\framework\src\Illuminate\Foundation\Http\Middleware\CheckForMaintenanceMode.php(46): Illuminate\Routing\Pipeline->Illuminate\Routing\{closure}(Object(Illuminate\Http\Request))
#46 C:\xampp\htdocs\personal-website-v3\blog\vendor\october\rain\src\Foundation\Http\Middleware\CheckForMaintenanceMode.php(25): Illuminate\Foundation\Http\Middleware\CheckForMaintenanceMode->handle(Object(Illuminate\Http\Request), Object(Closure))
#47 C:\xampp\htdocs\personal-website-v3\blog\vendor\laravel\framework\src\Illuminate\Pipeline\Pipeline.php(149): October\Rain\Foundation\Http\Middleware\CheckForMaintenanceMode->handle(Object(Illuminate\Http\Request), Object(Closure))
#48 C:\xampp\htdocs\personal-website-v3\blog\vendor\laravel\framework\src\Illuminate\Routing\Pipeline.php(53): Illuminate\Pipeline\Pipeline->Illuminate\Pipeline\{closure}(Object(Illuminate\Http\Request))
#49 C:\xampp\htdocs\personal-website-v3\blog\vendor\laravel\framework\src\Illuminate\Pipeline\Pipeline.php(102): Illuminate\Routing\Pipeline->Illuminate\Routing\{closure}(Object(Illuminate\Http\Request))
#50 C:\xampp\htdocs\personal-website-v3\blog\vendor\laravel\framework\src\Illuminate\Foundation\Http\Kernel.php(151): Illuminate\Pipeline\Pipeline->then(Object(Closure))
#51 C:\xampp\htdocs\personal-website-v3\blog\vendor\laravel\framework\src\Illuminate\Foundation\Http\Kernel.php(116): Illuminate\Foundation\Http\Kernel->sendRequestThroughRouter(Object(Illuminate\Http\Request))
#52 C:\xampp\htdocs\personal-website-v3\blog\index.php(43): Illuminate\Foundation\Http\Kernel->handle(Object(Illuminate\Http\Request))
#53 {main}  
[2021-03-18 22:40:41] development.ERROR: Twig\Error\SyntaxError: Unexpected token "punctuation" of value "}" in "C:\xampp\htdocs\personal-website-v3\blog/plugins/rainlab/blog/components/posts/default.htm" at line 26. in C:\xampp\htdocs\personal-website-v3\blog\vendor\twig\twig\src\ExpressionParser.php:285
Stack trace:
#0 C:\xampp\htdocs\personal-website-v3\blog\vendor\twig\twig\src\ExpressionParser.php(175): Twig\ExpressionParser->parsePrimaryExpression()
#1 C:\xampp\htdocs\personal-website-v3\blog\vendor\twig\twig\src\ExpressionParser.php(70): Twig\ExpressionParser->getPrimary()
#2 C:\xampp\htdocs\personal-website-v3\blog\vendor\twig\twig\src\ExpressionParser.php(380): Twig\ExpressionParser->parseExpression()
#3 C:\xampp\htdocs\personal-website-v3\blog\vendor\twig\twig\src\ExpressionParser.php(281): Twig\ExpressionParser->parseHashExpression()
#4 C:\xampp\htdocs\personal-website-v3\blog\vendor\twig\twig\src\ExpressionParser.php(175): Twig\ExpressionParser->parsePrimaryExpression()
#5 C:\xampp\htdocs\personal-website-v3\blog\vendor\twig\twig\src\ExpressionParser.php(70): Twig\ExpressionParser->getPrimary()
#6 C:\xampp\htdocs\personal-website-v3\blog\vendor\twig\twig\src\ExpressionParser.php(593): Twig\ExpressionParser->parseExpression(0, true)
#7 C:\xampp\htdocs\personal-website-v3\blog\vendor\twig\twig\src\ExpressionParser.php(551): Twig\ExpressionParser->parseArguments(true, false, true)
#8 C:\xampp\htdocs\personal-website-v3\blog\vendor\twig\twig\src\ExpressionParser.php(539): Twig\ExpressionParser->parseFilterExpressionRaw(Object(Twig\Node\Expression\ConstantExpression))
#9 C:\xampp\htdocs\personal-website-v3\blog\vendor\twig\twig\src\ExpressionParser.php(397): Twig\ExpressionParser->parseFilterExpression(Object(Twig\Node\Expression\ConstantExpression))
#10 C:\xampp\htdocs\personal-website-v3\blog\vendor\twig\twig\src\ExpressionParser.php(289): Twig\ExpressionParser->parsePostfixExpression(Object(Twig\Node\Expression\ConstantExpression))
#11 C:\xampp\htdocs\personal-website-v3\blog\vendor\twig\twig\src\ExpressionParser.php(175): Twig\ExpressionParser->parsePrimaryExpression()
#12 C:\xampp\htdocs\personal-website-v3\blog\vendor\twig\twig\src\ExpressionParser.php(70): Twig\ExpressionParser->getPrimary()
#13 C:\xampp\htdocs\personal-website-v3\blog\vendor\twig\twig\src\Parser.php(142): Twig\ExpressionParser->parseExpression()
#14 C:\xampp\htdocs\personal-website-v3\blog\vendor\twig\twig\src\TokenParser\IfTokenParser.php(39): Twig\Parser->subparse(Array)
#15 C:\xampp\htdocs\personal-website-v3\blog\vendor\twig\twig\src\Parser.php(185): Twig\TokenParser\IfTokenParser->parse(Object(Twig\Token))
#16 C:\xampp\htdocs\personal-website-v3\blog\vendor\twig\twig\src\TokenParser\ForTokenParser.php(52): Twig\Parser->subparse(Array)
#17 C:\xampp\htdocs\personal-website-v3\blog\vendor\twig\twig\src\Parser.php(185): Twig\TokenParser\ForTokenParser->parse(Object(Twig\Token))
#18 C:\xampp\htdocs\personal-website-v3\blog\vendor\twig\twig\src\Parser.php(98): Twig\Parser->subparse(NULL, false)
#19 C:\xampp\htdocs\personal-website-v3\blog\vendor\twig\twig\src\Environment.php(563): Twig\Parser->parse(Object(Twig\TokenStream))
#20 C:\xampp\htdocs\personal-website-v3\blog\vendor\twig\twig\src\Environment.php(595): Twig\Environment->parse(Object(Twig\TokenStream))
#21 C:\xampp\htdocs\personal-website-v3\blog\vendor\twig\twig\src\Environment.php(408): Twig\Environment->compileSource(Object(Twig\Source))
#22 C:\xampp\htdocs\personal-website-v3\blog\vendor\twig\twig\src\Environment.php(381): Twig\Environment->loadClass('__TwigTemplate_...', 'C:\\xampp\\htdocs...', NULL)
#23 C:\xampp\htdocs\personal-website-v3\blog\modules\cms\classes\Controller.php(1087): Twig\Environment->loadTemplate('C:\\xampp\\htdocs...')
#24 C:\xampp\htdocs\personal-website-v3\blog\modules\cms\classes\Controller.php(1217): Cms\Classes\Controller->renderPartial('blogPosts::defa...', Array, false)
#25 C:\xampp\htdocs\personal-website-v3\blog\modules\cms\twig\Extension.php(124): Cms\Classes\Controller->renderComponent('blogPosts', Array)
#26 C:\xampp\htdocs\personal-website-v3\blog\storage\cms\twig\53\53c3e8530303df5aafbd55e30b8c08d946e3436ca9b73ea0253d237a57632dff.php(63): Cms\Twig\Extension->componentFunction('blogPosts', Array)
#27 C:\xampp\htdocs\personal-website-v3\blog\vendor\twig\twig\src\Template.php(407): __TwigTemplate_f1646b5cc2daa52ce7d3f1d5ce0e4a6e0abac9bc41b509d25f8ec91c9cf2add4->doDisplay(Array, Array)
#28 C:\xampp\htdocs\personal-website-v3\blog\vendor\twig\twig\src\Template.php(380): Twig\Template->displayWithErrorHandling(Array, Array)
#29 C:\xampp\htdocs\personal-website-v3\blog\vendor\twig\twig\src\Template.php(392): Twig\Template->display(Array)
#30 C:\xampp\htdocs\personal-website-v3\blog\modules\cms\classes\Controller.php(425): Twig\Template->render(Array)
#31 C:\xampp\htdocs\personal-website-v3\blog\modules\cms\classes\Controller.php(225): Cms\Classes\Controller->runPage(Object(Cms\Classes\Page))
#32 C:\xampp\htdocs\personal-website-v3\blog\modules\cms\classes\CmsController.php(50): Cms\Classes\Controller->run('/')
#33 [internal function]: Cms\Classes\CmsController->run('/')
#34 C:\xampp\htdocs\personal-website-v3\blog\vendor\laravel\framework\src\Illuminate\Routing\Controller.php(54): call_user_func_array(Array, Array)
#35 C:\xampp\htdocs\personal-website-v3\blog\vendor\laravel\framework\src\Illuminate\Routing\ControllerDispatcher.php(45): Illuminate\Routing\Controller->callAction('run', Array)
#36 C:\xampp\htdocs\personal-website-v3\blog\vendor\laravel\framework\src\Illuminate\Routing\Route.php(212): Illuminate\Routing\ControllerDispatcher->dispatch(Object(Illuminate\Routing\Route), Object(Cms\Classes\CmsController), 'run')
#37 C:\xampp\htdocs\personal-website-v3\blog\vendor\laravel\framework\src\Illuminate\Routing\Route.php(169): Illuminate\Routing\Route->runController()
#38 C:\xampp\htdocs\personal-website-v3\blog\vendor\laravel\framework\src\Illuminate\Routing\Router.php(658): Illuminate\Routing\Route->run()
#39 C:\xampp\htdocs\personal-website-v3\blog\vendor\laravel\framework\src\Illuminate\Routing\Pipeline.php(30): Illuminate\Routing\Router->Illuminate\Routing\{closure}(Object(Illuminate\Http\Request))
#40 C:\xampp\htdocs\personal-website-v3\blog\vendor\laravel\framework\src\Illuminate\Routing\Middleware\SubstituteBindings.php(41): Illuminate\Routing\Pipeline->Illuminate\Routing\{closure}(Object(Illuminate\Http\Request))
#41 C:\xampp\htdocs\personal-website-v3\blog\vendor\laravel\framework\src\Illuminate\Pipeline\Pipeline.php(149): Illuminate\Routing\Middleware\SubstituteBindings->handle(Object(Illuminate\Http\Request), Object(Closure))
#42 C:\xampp\htdocs\personal-website-v3\blog\vendor\laravel\framework\src\Illuminate\Routing\Pipeline.php(53): Illuminate\Pipeline\Pipeline->Illuminate\Pipeline\{closure}(Object(Illuminate\Http\Request))
#43 C:\xampp\htdocs\personal-website-v3\blog\vendor\laravel\framework\src\Illuminate\View\Middleware\ShareErrorsFromSession.php(49): Illuminate\Routing\Pipeline->Illuminate\Routing\{closure}(Object(Illuminate\Http\Request))
#44 C:\xampp\htdocs\personal-website-v3\blog\vendor\laravel\framework\src\Illuminate\Pipeline\Pipeline.php(149): Illuminate\View\Middleware\ShareErrorsFromSession->handle(Object(Illuminate\Http\Request), Object(Closure))
#45 C:\xampp\htdocs\personal-website-v3\blog\vendor\laravel\framework\src\Illuminate\Routing\Pipeline.php(53): Illuminate\Pipeline\Pipeline->Illuminate\Pipeline\{closure}(Object(Illuminate\Http\Request))
#46 C:\xampp\htdocs\personal-website-v3\blog\vendor\laravel\framework\src\Illuminate\Session\Middleware\StartSession.php(63): Illuminate\Routing\Pipeline->Illuminate\Routing\{closure}(Object(Illuminate\Http\Request))
#47 C:\xampp\htdocs\personal-website-v3\blog\vendor\laravel\framework\src\Illuminate\Pipeline\Pipeline.php(149): Illuminate\Session\Middleware\StartSession->handle(Object(Illuminate\Http\Request), Object(Closure))
#48 C:\xampp\htdocs\personal-website-v3\blog\vendor\laravel\framework\src\Illuminate\Routing\Pipeline.php(53): Illuminate\Pipeline\Pipeline->Illuminate\Pipeline\{closure}(Object(Illuminate\Http\Request))
#49 C:\xampp\htdocs\personal-website-v3\blog\vendor\laravel\framework\src\Illuminate\Cookie\Middleware\AddQueuedCookiesToResponse.php(37): Illuminate\Routing\Pipeline->Illuminate\Routing\{closure}(Object(Illuminate\Http\Request))
#50 C:\xampp\htdocs\personal-website-v3\blog\vendor\laravel\framework\src\Illuminate\Pipeline\Pipeline.php(149): Illuminate\Cookie\Middleware\AddQueuedCookiesToResponse->handle(Object(Illuminate\Http\Request), Object(Closure))
#51 C:\xampp\htdocs\personal-website-v3\blog\vendor\laravel\framework\src\Illuminate\Routing\Pipeline.php(53): Illuminate\Pipeline\Pipeline->Illuminate\Pipeline\{closure}(Object(Illuminate\Http\Request))
#52 C:\xampp\htdocs\personal-website-v3\blog\vendor\laravel\framework\src\Illuminate\Cookie\Middleware\EncryptCookies.php(68): Illuminate\Routing\Pipeline->Illuminate\Routing\{closure}(Object(Illuminate\Http\Request))
#53 C:\xampp\htdocs\personal-website-v3\blog\vendor\laravel\framework\src\Illuminate\Pipeline\Pipeline.php(149): Illuminate\Cookie\Middleware\EncryptCookies->handle(Object(Illuminate\Http\Request), Object(Closure))
#54 C:\xampp\htdocs\personal-website-v3\blog\vendor\laravel\framework\src\Illuminate\Routing\Pipeline.php(53): Illuminate\Pipeline\Pipeline->Illuminate\Pipeline\{closure}(Object(Illuminate\Http\Request))
#55 C:\xampp\htdocs\personal-website-v3\blog\vendor\laravel\framework\src\Illuminate\Pipeline\Pipeline.php(102): Illuminate\Routing\Pipeline->Illuminate\Routing\{closure}(Object(Illuminate\Http\Request))
#56 C:\xampp\htdocs\personal-website-v3\blog\vendor\laravel\framework\src\Illuminate\Routing\Router.php(660): Illuminate\Pipeline\Pipeline->then(Object(Closure))
#57 C:\xampp\htdocs\personal-website-v3\blog\vendor\laravel\framework\src\Illuminate\Routing\Router.php(635): Illuminate\Routing\Router->runRouteWithinStack(Object(Illuminate\Routing\Route), Object(Illuminate\Http\Request))
#58 C:\xampp\htdocs\personal-website-v3\blog\vendor\laravel\framework\src\Illuminate\Routing\Router.php(601): Illuminate\Routing\Router->runRoute(Object(Illuminate\Http\Request), Object(Illuminate\Routing\Route))
#59 C:\xampp\htdocs\personal-website-v3\blog\vendor\october\rain\src\Router\CoreRouter.php(20): Illuminate\Routing\Router->dispatchToRoute(Object(Illuminate\Http\Request))
#60 C:\xampp\htdocs\personal-website-v3\blog\vendor\laravel\framework\src\Illuminate\Foundation\Http\Kernel.php(176): October\Rain\Router\CoreRouter->dispatch(Object(Illuminate\Http\Request))
#61 C:\xampp\htdocs\personal-website-v3\blog\vendor\laravel\framework\src\Illuminate\Routing\Pipeline.php(30): Illuminate\Foundation\Http\Kernel->Illuminate\Foundation\Http\{closure}(Object(Illuminate\Http\Request))
#62 C:\xampp\htdocs\personal-website-v3\blog\vendor\laravel\framework\src\Illuminate\Foundation\Http\Middleware\CheckForMaintenanceMode.php(46): Illuminate\Routing\Pipeline->Illuminate\Routing\{closure}(Object(Illuminate\Http\Request))
#63 C:\xampp\htdocs\personal-website-v3\blog\vendor\october\rain\src\Foundation\Http\Middleware\CheckForMaintenanceMode.php(25): Illuminate\Foundation\Http\Middleware\CheckForMaintenanceMode->handle(Object(Illuminate\Http\Request), Object(Closure))
#64 C:\xampp\htdocs\personal-website-v3\blog\vendor\laravel\framework\src\Illuminate\Pipeline\Pipeline.php(149): October\Rain\Foundation\Http\Middleware\CheckForMaintenanceMode->handle(Object(Illuminate\Http\Request), Object(Closure))
#65 C:\xampp\htdocs\personal-website-v3\blog\vendor\laravel\framework\src\Illuminate\Routing\Pipeline.php(53): Illuminate\Pipeline\Pipeline->Illuminate\Pipeline\{closure}(Object(Illuminate\Http\Request))
#66 C:\xampp\htdocs\personal-website-v3\blog\vendor\laravel\framework\src\Illuminate\Pipeline\Pipeline.php(102): Illuminate\Routing\Pipeline->Illuminate\Routing\{closure}(Object(Illuminate\Http\Request))
#67 C:\xampp\htdocs\personal-website-v3\blog\vendor\laravel\framework\src\Illuminate\Foundation\Http\Kernel.php(151): Illuminate\Pipeline\Pipeline->then(Object(Closure))
#68 C:\xampp\htdocs\personal-website-v3\blog\vendor\laravel\framework\src\Illuminate\Foundation\Http\Kernel.php(116): Illuminate\Foundation\Http\Kernel->sendRequestThroughRouter(Object(Illuminate\Http\Request))
#69 C:\xampp\htdocs\personal-website-v3\blog\index.php(43): Illuminate\Foundation\Http\Kernel->handle(Object(Illuminate\Http\Request))
#70 {main}  
